[1.272s] DEBUG:colcon:Command line arguments: ['/usr/bin/colcon', 'build']
[1.272s] DEBUG:colcon:Parsed command line arguments: Namespace(log_base=None, log_level=None, verb_name='build', build_base='build', install_base='install', merge_install=False, symlink_install=False, test_result_base=None, continue_on_error=False, executor='parallel', parallel_workers=8, event_handlers=None, ignore_user_meta=False, metas=['./colcon.meta'], base_paths=['.'], packages_ignore=None, packages_ignore_regex=None, paths=None, packages_up_to=None, packages_up_to_regex=None, packages_above=None, packages_above_and_dependencies=None, packages_above_depth=None, packages_select_by_dep=None, packages_skip_by_dep=None, packages_skip_up_to=None, packages_select_build_failed=False, packages_skip_build_finished=False, packages_select_test_failures=False, packages_skip_test_passed=False, packages_select=None, packages_skip=None, packages_select_regex=None, packages_skip_regex=None, packages_start=None, packages_end=None, allow_overriding=[], cmake_args=None, cmake_target=None, cmake_target_skip_unavailable=False, cmake_clean_cache=False, cmake_clean_first=False, cmake_force_configure=False, ament_cmake_args=None, catkin_cmake_args=None, catkin_skip_building_tests=False, verb_parser=<colcon_defaults.argument_parser.defaults.DefaultArgumentsDecorator object at 0x7f3f8b7ddd20>, verb_extension=<colcon_core.verb.build.BuildVerb object at 0x7f3f8ba036a0>, main=<bound method BuildVerb.main of <colcon_core.verb.build.BuildVerb object at 0x7f3f8ba036a0>>)
[1.323s] Level 1:colcon.colcon_core.package_discovery:discover_packages(colcon_meta) check parameters
[1.323s] Level 1:colcon.colcon_core.package_discovery:discover_packages(recursive) check parameters
[1.323s] Level 1:colcon.colcon_core.package_discovery:discover_packages(ignore) check parameters
[1.323s] Level 1:colcon.colcon_core.package_discovery:discover_packages(path) check parameters
[1.323s] Level 1:colcon.colcon_core.package_discovery:discover_packages(colcon_meta) discover
[1.323s] Level 1:colcon.colcon_core.package_discovery:discover_packages(recursive) discover
[1.323s] INFO:colcon.colcon_core.package_discovery:Crawling recursively for packages in '/home/vinicioslugli/Documentos/scripts/inteli/2023-2A-T2-M8-P1/project_ws'
[1.323s] Level 1:colcon.colcon_core.package_identification:_identify(.) by extensions ['ignore', 'ignore_ament_install']
[1.323s] Level 1:colcon.colcon_core.package_identification:_identify(.) by extension 'ignore'
[1.323s] Level 1:colcon.colcon_core.package_identification:_identify(.) by extension 'ignore_ament_install'
[1.323s] Level 1:colcon.colcon_core.package_identification:_identify(.) by extensions ['colcon_pkg']
[1.323s] Level 1:colcon.colcon_core.package_identification:_identify(.) by extension 'colcon_pkg'
[1.323s] Level 1:colcon.colcon_core.package_identification:_identify(.) by extensions ['colcon_meta']
[1.323s] Level 1:colcon.colcon_core.package_identification:_identify(.) by extension 'colcon_meta'
[1.324s] Level 1:colcon.colcon_core.package_identification:_identify(.) by extensions ['ros']
[1.324s] Level 1:colcon.colcon_core.package_identification:_identify(.) by extension 'ros'
[1.332s] Level 1:colcon.colcon_core.package_identification:_identify(.) by extensions ['cmake', 'python']
[1.332s] Level 1:colcon.colcon_core.package_identification:_identify(.) by extension 'cmake'
[1.332s] Level 1:colcon.colcon_core.package_identification:_identify(.) by extension 'python'
[1.332s] Level 1:colcon.colcon_core.package_identification:_identify(.) by extensions ['python_setup_py']
[1.332s] Level 1:colcon.colcon_core.package_identification:_identify(.) by extension 'python_setup_py'
[1.332s] Level 1:colcon.colcon_core.package_identification:_identify(build) by extensions ['ignore', 'ignore_ament_install']
[1.333s] Level 1:colcon.colcon_core.package_identification:_identify(build) by extension 'ignore'
[1.333s] Level 1:colcon.colcon_core.package_identification:_identify(build) ignored
[1.333s] Level 1:colcon.colcon_core.package_identification:_identify(controller_package) by extensions ['ignore', 'ignore_ament_install']
[1.333s] Level 1:colcon.colcon_core.package_identification:_identify(controller_package) by extension 'ignore'
[1.333s] Level 1:colcon.colcon_core.package_identification:_identify(controller_package) by extension 'ignore_ament_install'
[1.333s] Level 1:colcon.colcon_core.package_identification:_identify(controller_package) by extensions ['colcon_pkg']
[1.333s] Level 1:colcon.colcon_core.package_identification:_identify(controller_package) by extension 'colcon_pkg'
[1.333s] Level 1:colcon.colcon_core.package_identification:_identify(controller_package) by extensions ['colcon_meta']
[1.333s] Level 1:colcon.colcon_core.package_identification:_identify(controller_package) by extension 'colcon_meta'
[1.333s] Level 1:colcon.colcon_core.package_identification:_identify(controller_package) by extensions ['ros']
[1.333s] Level 1:colcon.colcon_core.package_identification:_identify(controller_package) by extension 'ros'
[1.335s] DEBUG:colcon.colcon_core.package_identification:Package 'controller_package' with type 'ros.ament_python' and name 'controller_package'
[1.335s] Level 1:colcon.colcon_core.package_identification:_identify(install) by extensions ['ignore', 'ignore_ament_install']
[1.335s] Level 1:colcon.colcon_core.package_identification:_identify(install) by extension 'ignore'
[1.335s] Level 1:colcon.colcon_core.package_identification:_identify(install) ignored
[1.335s] Level 1:colcon.colcon_core.package_identification:_identify(log) by extensions ['ignore', 'ignore_ament_install']
[1.335s] Level 1:colcon.colcon_core.package_identification:_identify(log) by extension 'ignore'
[1.335s] Level 1:colcon.colcon_core.package_identification:_identify(log) ignored
[1.335s] Level 1:colcon.colcon_core.package_identification:_identify(src) by extensions ['ignore', 'ignore_ament_install']
[1.335s] Level 1:colcon.colcon_core.package_identification:_identify(src) by extension 'ignore'
[1.335s] Level 1:colcon.colcon_core.package_identification:_identify(src) by extension 'ignore_ament_install'
[1.335s] Level 1:colcon.colcon_core.package_identification:_identify(src) by extensions ['colcon_pkg']
[1.335s] Level 1:colcon.colcon_core.package_identification:_identify(src) by extension 'colcon_pkg'
[1.336s] Level 1:colcon.colcon_core.package_identification:_identify(src) by extensions ['colcon_meta']
[1.336s] Level 1:colcon.colcon_core.package_identification:_identify(src) by extension 'colcon_meta'
[1.336s] Level 1:colcon.colcon_core.package_identification:_identify(src) by extensions ['ros']
[1.336s] Level 1:colcon.colcon_core.package_identification:_identify(src) by extension 'ros'
[1.336s] Level 1:colcon.colcon_core.package_identification:_identify(src) by extensions ['cmake', 'python']
[1.336s] Level 1:colcon.colcon_core.package_identification:_identify(src) by extension 'cmake'
[1.336s] Level 1:colcon.colcon_core.package_identification:_identify(src) by extension 'python'
[1.336s] Level 1:colcon.colcon_core.package_identification:_identify(src) by extensions ['python_setup_py']
[1.336s] Level 1:colcon.colcon_core.package_identification:_identify(src) by extension 'python_setup_py'
[1.336s] Level 1:colcon.colcon_core.package_discovery:discover_packages(recursive) using defaults
[1.336s] Level 1:colcon.colcon_core.package_discovery:discover_packages(ignore) discover
[1.336s] Level 1:colcon.colcon_core.package_discovery:discover_packages(ignore) using defaults
[1.336s] Level 1:colcon.colcon_core.package_discovery:discover_packages(path) discover
[1.336s] Level 1:colcon.colcon_core.package_discovery:discover_packages(path) using defaults
[1.452s] Level 1:colcon.colcon_core.package_discovery:discover_packages(prefix_path) check parameters
[1.452s] Level 1:colcon.colcon_core.package_discovery:discover_packages(prefix_path) discover
[1.471s] WARNING:colcon.colcon_ros.prefix_path.ament:The path '/home/vinicioslugli/Documentos/scripts/inteli/2023-2A-T2-M8-P1/project_ws/install/controller_package' in the environment variable AMENT_PREFIX_PATH doesn't exist
[1.491s] DEBUG:colcon.colcon_installed_package_information.package_discovery:Found 0 installed packages in /home/vinicioslugli/Documentos/scripts/inteli/2023-2A-T2-M8-P1/project_ws/install
[1.530s] DEBUG:colcon.colcon_installed_package_information.package_discovery:Found 386 installed packages in /opt/ros/humble
[1.532s] Level 1:colcon.colcon_core.package_discovery:discover_packages(prefix_path) using defaults
[1.634s] Level 5:colcon.colcon_core.verb:set package 'controller_package' build argument 'cmake_args' from command line to 'None'
[1.634s] Level 5:colcon.colcon_core.verb:set package 'controller_package' build argument 'cmake_target' from command line to 'None'
[1.634s] Level 5:colcon.colcon_core.verb:set package 'controller_package' build argument 'cmake_target_skip_unavailable' from command line to 'False'
[1.634s] Level 5:colcon.colcon_core.verb:set package 'controller_package' build argument 'cmake_clean_cache' from command line to 'False'
[1.634s] Level 5:colcon.colcon_core.verb:set package 'controller_package' build argument 'cmake_clean_first' from command line to 'False'
[1.634s] Level 5:colcon.colcon_core.verb:set package 'controller_package' build argument 'cmake_force_configure' from command line to 'False'
[1.634s] Level 5:colcon.colcon_core.verb:set package 'controller_package' build argument 'ament_cmake_args' from command line to 'None'
[1.634s] Level 5:colcon.colcon_core.verb:set package 'controller_package' build argument 'catkin_cmake_args' from command line to 'None'
[1.634s] Level 5:colcon.colcon_core.verb:set package 'controller_package' build argument 'catkin_skip_building_tests' from command line to 'False'
[1.634s] DEBUG:colcon.colcon_core.verb:Building package 'controller_package' with the following arguments: {'ament_cmake_args': None, 'build_base': '/home/vinicioslugli/Documentos/scripts/inteli/2023-2A-T2-M8-P1/project_ws/build/controller_package', 'catkin_cmake_args': None, 'catkin_skip_building_tests': False, 'cmake_args': None, 'cmake_clean_cache': False, 'cmake_clean_first': False, 'cmake_force_configure': False, 'cmake_target': None, 'cmake_target_skip_unavailable': False, 'install_base': '/home/vinicioslugli/Documentos/scripts/inteli/2023-2A-T2-M8-P1/project_ws/install/controller_package', 'merge_install': False, 'path': '/home/vinicioslugli/Documentos/scripts/inteli/2023-2A-T2-M8-P1/project_ws/controller_package', 'symlink_install': False, 'test_result_base': None}
[1.654s] INFO:colcon.colcon_core.executor:Executing jobs using 'parallel' executor
[1.674s] DEBUG:colcon.colcon_parallel_executor.executor.parallel:run_until_complete
[1.674s] INFO:colcon.colcon_ros.task.ament_python.build:Building ROS package in '/home/vinicioslugli/Documentos/scripts/inteli/2023-2A-T2-M8-P1/project_ws/controller_package' with build type 'ament_python'
[1.674s] Level 1:colcon.colcon_core.shell:create_environment_hook('controller_package', 'ament_prefix_path')
[1.696s] INFO:colcon.colcon_core.plugin_system:Skipping extension 'colcon_core.shell.bat': Not used on non-Windows systems
[1.696s] INFO:colcon.colcon_core.shell:Creating environment hook '/home/vinicioslugli/Documentos/scripts/inteli/2023-2A-T2-M8-P1/project_ws/install/controller_package/share/controller_package/hook/ament_prefix_path.ps1'
[1.697s] INFO:colcon.colcon_core.shell:Creating environment descriptor '/home/vinicioslugli/Documentos/scripts/inteli/2023-2A-T2-M8-P1/project_ws/install/controller_package/share/controller_package/hook/ament_prefix_path.dsv'
[1.697s] INFO:colcon.colcon_core.shell:Creating environment hook '/home/vinicioslugli/Documentos/scripts/inteli/2023-2A-T2-M8-P1/project_ws/install/controller_package/share/controller_package/hook/ament_prefix_path.sh'
[1.719s] INFO:colcon.colcon_core.shell:Skip shell extension 'powershell' for command environment: Not usable outside of PowerShell
[1.719s] DEBUG:colcon.colcon_core.shell:Skip shell extension 'dsv' for command environment
[1.779s] DEBUG:colcon.colcon_core.shell:Ignoring prefix path '/home/vinicioslugli/Documentos/scripts/inteli/2023-2A-T2-M8-P1/project_ws'
[2.085s] INFO:colcon.colcon_core.task.python.build:Building Python package in '/home/vinicioslugli/Documentos/scripts/inteli/2023-2A-T2-M8-P1/project_ws/controller_package'
[2.106s] INFO:colcon.colcon_core.shell:Skip shell extension 'powershell' for command environment: Not usable outside of PowerShell
[2.106s] DEBUG:colcon.colcon_core.shell:Skip shell extension 'dsv' for command environment
[2.165s] DEBUG:colcon.colcon_core.shell:Ignoring prefix path '/home/vinicioslugli/Documentos/scripts/inteli/2023-2A-T2-M8-P1/project_ws'
[2.561s] DEBUG:colcon.colcon_core.event_handler.log_command:Invoking command in '/home/vinicioslugli/Documentos/scripts/inteli/2023-2A-T2-M8-P1/project_ws/controller_package': PYTHONPATH=/home/vinicioslugli/Documentos/scripts/inteli/2023-2A-T2-M8-P1/project_ws/build/controller_package/prefix_override:/home/vinicioslugli/Documentos/scripts/inteli/2023-2A-T2-M8-P1/project_ws/install/controller_package/lib/python3.10/site-packages:${PYTHONPATH} /usr/bin/python3 setup.py egg_info --egg-base ../build/controller_package build --build-base /home/vinicioslugli/Documentos/scripts/inteli/2023-2A-T2-M8-P1/project_ws/build/controller_package/build install --record /home/vinicioslugli/Documentos/scripts/inteli/2023-2A-T2-M8-P1/project_ws/build/controller_package/install.log --single-version-externally-managed
[2.875s] DEBUG:colcon.colcon_core.event_handler.log_command:Invoked command in '/home/vinicioslugli/Documentos/scripts/inteli/2023-2A-T2-M8-P1/project_ws/controller_package' returned '0': PYTHONPATH=/home/vinicioslugli/Documentos/scripts/inteli/2023-2A-T2-M8-P1/project_ws/build/controller_package/prefix_override:/home/vinicioslugli/Documentos/scripts/inteli/2023-2A-T2-M8-P1/project_ws/install/controller_package/lib/python3.10/site-packages:${PYTHONPATH} /usr/bin/python3 setup.py egg_info --egg-base ../build/controller_package build --build-base /home/vinicioslugli/Documentos/scripts/inteli/2023-2A-T2-M8-P1/project_ws/build/controller_package/build install --record /home/vinicioslugli/Documentos/scripts/inteli/2023-2A-T2-M8-P1/project_ws/build/controller_package/install.log --single-version-externally-managed
[2.896s] Level 1:colcon.colcon_core.environment:checking '/home/vinicioslugli/Documentos/scripts/inteli/2023-2A-T2-M8-P1/project_ws/install/controller_package' for CMake module files
[2.896s] Level 1:colcon.colcon_core.environment:checking '/home/vinicioslugli/Documentos/scripts/inteli/2023-2A-T2-M8-P1/project_ws/install/controller_package' for CMake config files
[2.896s] Level 1:colcon.colcon_core.environment:checking '/home/vinicioslugli/Documentos/scripts/inteli/2023-2A-T2-M8-P1/project_ws/install/controller_package/lib'
[2.896s] Level 1:colcon.colcon_core.environment:checking '/home/vinicioslugli/Documentos/scripts/inteli/2023-2A-T2-M8-P1/project_ws/install/controller_package/bin'
[2.896s] Level 1:colcon.colcon_core.environment:checking '/home/vinicioslugli/Documentos/scripts/inteli/2023-2A-T2-M8-P1/project_ws/install/controller_package/lib/pkgconfig/controller_package.pc'
[2.897s] Level 1:colcon.colcon_core.environment:checking '/home/vinicioslugli/Documentos/scripts/inteli/2023-2A-T2-M8-P1/project_ws/install/controller_package/lib/python3.10/site-packages'
[2.897s] Level 1:colcon.colcon_core.shell:create_environment_hook('controller_package', 'pythonpath')
[2.918s] INFO:colcon.colcon_core.shell:Creating environment hook '/home/vinicioslugli/Documentos/scripts/inteli/2023-2A-T2-M8-P1/project_ws/install/controller_package/share/controller_package/hook/pythonpath.ps1'
[2.918s] INFO:colcon.colcon_core.shell:Creating environment descriptor '/home/vinicioslugli/Documentos/scripts/inteli/2023-2A-T2-M8-P1/project_ws/install/controller_package/share/controller_package/hook/pythonpath.dsv'
[2.919s] INFO:colcon.colcon_core.shell:Creating environment hook '/home/vinicioslugli/Documentos/scripts/inteli/2023-2A-T2-M8-P1/project_ws/install/controller_package/share/controller_package/hook/pythonpath.sh'
[2.919s] Level 1:colcon.colcon_core.environment:checking '/home/vinicioslugli/Documentos/scripts/inteli/2023-2A-T2-M8-P1/project_ws/install/controller_package/bin'
[2.919s] Level 1:colcon.colcon_core.environment:create_environment_scripts_only(controller_package)
[2.939s] INFO:colcon.colcon_core.shell:Creating package script '/home/vinicioslugli/Documentos/scripts/inteli/2023-2A-T2-M8-P1/project_ws/install/controller_package/share/controller_package/package.ps1'
[2.940s] INFO:colcon.colcon_core.shell:Creating package descriptor '/home/vinicioslugli/Documentos/scripts/inteli/2023-2A-T2-M8-P1/project_ws/install/controller_package/share/controller_package/package.dsv'
[2.941s] INFO:colcon.colcon_core.shell:Creating package script '/home/vinicioslugli/Documentos/scripts/inteli/2023-2A-T2-M8-P1/project_ws/install/controller_package/share/controller_package/package.sh'
[2.941s] INFO:colcon.colcon_core.shell:Creating package script '/home/vinicioslugli/Documentos/scripts/inteli/2023-2A-T2-M8-P1/project_ws/install/controller_package/share/controller_package/package.bash'
[2.942s] INFO:colcon.colcon_core.shell:Creating package script '/home/vinicioslugli/Documentos/scripts/inteli/2023-2A-T2-M8-P1/project_ws/install/controller_package/share/controller_package/package.zsh'
[2.942s] Level 1:colcon.colcon_core.environment:create_file_with_runtime_dependencies(/home/vinicioslugli/Documentos/scripts/inteli/2023-2A-T2-M8-P1/project_ws/install/controller_package/share/colcon-core/packages/controller_package)
[2.942s] DEBUG:colcon.colcon_parallel_executor.executor.parallel:closing loop
[2.943s] DEBUG:colcon.colcon_parallel_executor.executor.parallel:loop closed
[2.943s] DEBUG:colcon.colcon_parallel_executor.executor.parallel:run_until_complete finished with '0'
[2.943s] DEBUG:colcon.colcon_core.event_reactor:joining thread
[2.968s] INFO:colcon.colcon_core.plugin_system:Skipping extension 'colcon_notification.desktop_notification.notify_send': Could not find 'notify-send'
[2.968s] INFO:colcon.colcon_core.plugin_system:Skipping extension 'colcon_notification.desktop_notification.terminal_notifier': Not used on non-Darwin systems
[2.968s] INFO:colcon.colcon_core.plugin_system:Skipping extension 'colcon_notification.desktop_notification.win32': Not used on non-Windows systems
[2.968s] INFO:colcon.colcon_notification.desktop_notification:Sending desktop notification using 'notify2'
[2.976s] DEBUG:colcon.colcon_core.event_reactor:joined thread
[2.996s] INFO:colcon.colcon_core.shell:Creating prefix script '/home/vinicioslugli/Documentos/scripts/inteli/2023-2A-T2-M8-P1/project_ws/install/local_setup.ps1'
[2.997s] INFO:colcon.colcon_core.shell:Creating prefix util module '/home/vinicioslugli/Documentos/scripts/inteli/2023-2A-T2-M8-P1/project_ws/install/_local_setup_util_ps1.py'
[2.998s] INFO:colcon.colcon_core.shell:Creating prefix chain script '/home/vinicioslugli/Documentos/scripts/inteli/2023-2A-T2-M8-P1/project_ws/install/setup.ps1'
[3.019s] INFO:colcon.colcon_core.shell:Creating prefix script '/home/vinicioslugli/Documentos/scripts/inteli/2023-2A-T2-M8-P1/project_ws/install/local_setup.sh'
[3.019s] INFO:colcon.colcon_core.shell:Creating prefix util module '/home/vinicioslugli/Documentos/scripts/inteli/2023-2A-T2-M8-P1/project_ws/install/_local_setup_util_sh.py'
[3.020s] INFO:colcon.colcon_core.shell:Creating prefix chain script '/home/vinicioslugli/Documentos/scripts/inteli/2023-2A-T2-M8-P1/project_ws/install/setup.sh'
[3.041s] INFO:colcon.colcon_core.shell:Creating prefix script '/home/vinicioslugli/Documentos/scripts/inteli/2023-2A-T2-M8-P1/project_ws/install/local_setup.bash'
[3.042s] INFO:colcon.colcon_core.shell:Creating prefix chain script '/home/vinicioslugli/Documentos/scripts/inteli/2023-2A-T2-M8-P1/project_ws/install/setup.bash'
[3.063s] INFO:colcon.colcon_core.shell:Creating prefix script '/home/vinicioslugli/Documentos/scripts/inteli/2023-2A-T2-M8-P1/project_ws/install/local_setup.zsh'
[3.063s] INFO:colcon.colcon_core.shell:Creating prefix chain script '/home/vinicioslugli/Documentos/scripts/inteli/2023-2A-T2-M8-P1/project_ws/install/setup.zsh'
