running egg_info
creating ../build/controller_package/controller_package.egg-info
writing ../build/controller_package/controller_package.egg-info/PKG-INFO
writing dependency_links to ../build/controller_package/controller_package.egg-info/dependency_links.txt
writing entry points to ../build/controller_package/controller_package.egg-info/entry_points.txt
writing requirements to ../build/controller_package/controller_package.egg-info/requires.txt
writing top-level names to ../build/controller_package/controller_package.egg-info/top_level.txt
writing manifest file '../build/controller_package/controller_package.egg-info/SOURCES.txt'
reading manifest file '../build/controller_package/controller_package.egg-info/SOURCES.txt'
writing manifest file '../build/controller_package/controller_package.egg-info/SOURCES.txt'
running build
running build_py
creating /home/vinicioslugli/Documentos/scripts/inteli/2023-2A-T2-M8-P1/project_ws/build/controller_package/build
creating /home/vinicioslugli/Documentos/scripts/inteli/2023-2A-T2-M8-P1/project_ws/build/controller_package/build/lib
creating /home/vinicioslugli/Documentos/scripts/inteli/2023-2A-T2-M8-P1/project_ws/build/controller_package/build/lib/controller_package
copying controller_package/__init__.py -> /home/vinicioslugli/Documentos/scripts/inteli/2023-2A-T2-M8-P1/project_ws/build/controller_package/build/lib/controller_package
copying controller_package/node.py -> /home/vinicioslugli/Documentos/scripts/inteli/2023-2A-T2-M8-P1/project_ws/build/controller_package/build/lib/controller_package
running install
running install_lib
creating /home/vinicioslugli/Documentos/scripts/inteli/2023-2A-T2-M8-P1/project_ws/install/controller_package/lib/python3.10/site-packages/controller_package
copying /home/vinicioslugli/Documentos/scripts/inteli/2023-2A-T2-M8-P1/project_ws/build/controller_package/build/lib/controller_package/__init__.py -> /home/vinicioslugli/Documentos/scripts/inteli/2023-2A-T2-M8-P1/project_ws/install/controller_package/lib/python3.10/site-packages/controller_package
copying /home/vinicioslugli/Documentos/scripts/inteli/2023-2A-T2-M8-P1/project_ws/build/controller_package/build/lib/controller_package/node.py -> /home/vinicioslugli/Documentos/scripts/inteli/2023-2A-T2-M8-P1/project_ws/install/controller_package/lib/python3.10/site-packages/controller_package
byte-compiling /home/vinicioslugli/Documentos/scripts/inteli/2023-2A-T2-M8-P1/project_ws/install/controller_package/lib/python3.10/site-packages/controller_package/__init__.py to __init__.cpython-310.pyc
byte-compiling /home/vinicioslugli/Documentos/scripts/inteli/2023-2A-T2-M8-P1/project_ws/install/controller_package/lib/python3.10/site-packages/controller_package/node.py to node.cpython-310.pyc
running install_data
creating /home/vinicioslugli/Documentos/scripts/inteli/2023-2A-T2-M8-P1/project_ws/install/controller_package/share/ament_index
creating /home/vinicioslugli/Documentos/scripts/inteli/2023-2A-T2-M8-P1/project_ws/install/controller_package/share/ament_index/resource_index
creating /home/vinicioslugli/Documentos/scripts/inteli/2023-2A-T2-M8-P1/project_ws/install/controller_package/share/ament_index/resource_index/packages
copying resource/controller_package -> /home/vinicioslugli/Documentos/scripts/inteli/2023-2A-T2-M8-P1/project_ws/install/controller_package/share/ament_index/resource_index/packages
copying package.xml -> /home/vinicioslugli/Documentos/scripts/inteli/2023-2A-T2-M8-P1/project_ws/install/controller_package/share/controller_package
running install_egg_info
Copying ../build/controller_package/controller_package.egg-info to /home/vinicioslugli/Documentos/scripts/inteli/2023-2A-T2-M8-P1/project_ws/install/controller_package/lib/python3.10/site-packages/controller_package-0.0.0-py3.10.egg-info
running install_scripts
Installing node script to /home/vinicioslugli/Documentos/scripts/inteli/2023-2A-T2-M8-P1/project_ws/install/controller_package/lib/controller_package
writing list of installed files to '/home/vinicioslugli/Documentos/scripts/inteli/2023-2A-T2-M8-P1/project_ws/build/controller_package/install.log'
