[0.886s] Invoking command in '/home/vinicioslugli/Documentos/scripts/inteli/2023-2A-T2-M8-P1/project_ws/controller_package': PYTHONPATH=/home/vinicioslugli/Documentos/scripts/inteli/2023-2A-T2-M8-P1/project_ws/build/controller_package/prefix_override:/home/vinicioslugli/Documentos/scripts/inteli/2023-2A-T2-M8-P1/project_ws/install/controller_package/lib/python3.10/site-packages:${PYTHONPATH} /usr/bin/python3 setup.py egg_info --egg-base ../build/controller_package build --build-base /home/vinicioslugli/Documentos/scripts/inteli/2023-2A-T2-M8-P1/project_ws/build/controller_package/build install --record /home/vinicioslugli/Documentos/scripts/inteli/2023-2A-T2-M8-P1/project_ws/build/controller_package/install.log --single-version-externally-managed
[1.155s] running egg_info
[1.156s] creating ../build/controller_package/controller_package.egg-info
[1.156s] writing ../build/controller_package/controller_package.egg-info/PKG-INFO
[1.156s] writing dependency_links to ../build/controller_package/controller_package.egg-info/dependency_links.txt
[1.156s] writing entry points to ../build/controller_package/controller_package.egg-info/entry_points.txt
[1.157s] writing requirements to ../build/controller_package/controller_package.egg-info/requires.txt
[1.157s] writing top-level names to ../build/controller_package/controller_package.egg-info/top_level.txt
[1.157s] writing manifest file '../build/controller_package/controller_package.egg-info/SOURCES.txt'
[1.158s] reading manifest file '../build/controller_package/controller_package.egg-info/SOURCES.txt'
[1.159s] writing manifest file '../build/controller_package/controller_package.egg-info/SOURCES.txt'
[1.159s] running build
[1.159s] running build_py
[1.160s] creating /home/vinicioslugli/Documentos/scripts/inteli/2023-2A-T2-M8-P1/project_ws/build/controller_package/build
[1.160s] creating /home/vinicioslugli/Documentos/scripts/inteli/2023-2A-T2-M8-P1/project_ws/build/controller_package/build/lib
[1.160s] creating /home/vinicioslugli/Documentos/scripts/inteli/2023-2A-T2-M8-P1/project_ws/build/controller_package/build/lib/controller_package
[1.160s] copying controller_package/__init__.py -> /home/vinicioslugli/Documentos/scripts/inteli/2023-2A-T2-M8-P1/project_ws/build/controller_package/build/lib/controller_package
[1.160s] copying controller_package/node.py -> /home/vinicioslugli/Documentos/scripts/inteli/2023-2A-T2-M8-P1/project_ws/build/controller_package/build/lib/controller_package
[1.160s] running install
[1.160s] /usr/lib/python3/dist-packages/setuptools/command/install.py:34: SetuptoolsDeprecationWarning: setup.py install is deprecated. Use build and pip and other standards-based tools.
[1.161s]   warnings.warn(
[1.161s] running install_lib
[1.161s] creating /home/vinicioslugli/Documentos/scripts/inteli/2023-2A-T2-M8-P1/project_ws/install/controller_package/lib/python3.10/site-packages/controller_package
[1.162s] copying /home/vinicioslugli/Documentos/scripts/inteli/2023-2A-T2-M8-P1/project_ws/build/controller_package/build/lib/controller_package/__init__.py -> /home/vinicioslugli/Documentos/scripts/inteli/2023-2A-T2-M8-P1/project_ws/install/controller_package/lib/python3.10/site-packages/controller_package
[1.162s] copying /home/vinicioslugli/Documentos/scripts/inteli/2023-2A-T2-M8-P1/project_ws/build/controller_package/build/lib/controller_package/node.py -> /home/vinicioslugli/Documentos/scripts/inteli/2023-2A-T2-M8-P1/project_ws/install/controller_package/lib/python3.10/site-packages/controller_package
[1.162s] byte-compiling /home/vinicioslugli/Documentos/scripts/inteli/2023-2A-T2-M8-P1/project_ws/install/controller_package/lib/python3.10/site-packages/controller_package/__init__.py to __init__.cpython-310.pyc
[1.162s] byte-compiling /home/vinicioslugli/Documentos/scripts/inteli/2023-2A-T2-M8-P1/project_ws/install/controller_package/lib/python3.10/site-packages/controller_package/node.py to node.cpython-310.pyc
[1.162s] running install_data
[1.163s] creating /home/vinicioslugli/Documentos/scripts/inteli/2023-2A-T2-M8-P1/project_ws/install/controller_package/share/ament_index
[1.163s] creating /home/vinicioslugli/Documentos/scripts/inteli/2023-2A-T2-M8-P1/project_ws/install/controller_package/share/ament_index/resource_index
[1.163s] creating /home/vinicioslugli/Documentos/scripts/inteli/2023-2A-T2-M8-P1/project_ws/install/controller_package/share/ament_index/resource_index/packages
[1.163s] copying resource/controller_package -> /home/vinicioslugli/Documentos/scripts/inteli/2023-2A-T2-M8-P1/project_ws/install/controller_package/share/ament_index/resource_index/packages
[1.163s] copying package.xml -> /home/vinicioslugli/Documentos/scripts/inteli/2023-2A-T2-M8-P1/project_ws/install/controller_package/share/controller_package
[1.164s] running install_egg_info
[1.165s] Copying ../build/controller_package/controller_package.egg-info to /home/vinicioslugli/Documentos/scripts/inteli/2023-2A-T2-M8-P1/project_ws/install/controller_package/lib/python3.10/site-packages/controller_package-0.0.0-py3.10.egg-info
[1.165s] running install_scripts
[1.182s] Installing node script to /home/vinicioslugli/Documentos/scripts/inteli/2023-2A-T2-M8-P1/project_ws/install/controller_package/lib/controller_package
[1.183s] writing list of installed files to '/home/vinicioslugli/Documentos/scripts/inteli/2023-2A-T2-M8-P1/project_ws/build/controller_package/install.log'
[1.200s] Invoked command in '/home/vinicioslugli/Documentos/scripts/inteli/2023-2A-T2-M8-P1/project_ws/controller_package' returned '0': PYTHONPATH=/home/vinicioslugli/Documentos/scripts/inteli/2023-2A-T2-M8-P1/project_ws/build/controller_package/prefix_override:/home/vinicioslugli/Documentos/scripts/inteli/2023-2A-T2-M8-P1/project_ws/install/controller_package/lib/python3.10/site-packages:${PYTHONPATH} /usr/bin/python3 setup.py egg_info --egg-base ../build/controller_package build --build-base /home/vinicioslugli/Documentos/scripts/inteli/2023-2A-T2-M8-P1/project_ws/build/controller_package/build install --record /home/vinicioslugli/Documentos/scripts/inteli/2023-2A-T2-M8-P1/project_ws/build/controller_package/install.log --single-version-externally-managed
